<?xml version="1.0" encoding="UTF-8"?>
<!-- Generated by org.testng.reporters.JUnitReportReporter -->
<testsuite skipped="0" hostname="DAL-7CON099-9W7" name="CDQM.Test.Reports" tests="2" failures="0" timestamp="28 Nov 2019 12:35:16 GMT" time="20.056" errors="0">
  <testcase name="reports" time="11.413" classname="CDQM.Test.Reports"/>
  <testcase name="reportspage" time="8.643" classname="CDQM.Test.Reports"/>
</testsuite> <!-- CDQM.Test.Reports -->
