<?xml version="1.0" encoding="UTF-8"?>
<!-- Generated by org.testng.reporters.JUnitReportReporter -->
<testsuite skipped="0" hostname="DAL-7CON099-9W7" name="CDQM.Test.Reports" tests="2" failures="0" timestamp="28 Nov 2019 07:14:29 GMT" time="19.399" errors="0">
  <testcase name="reportspage" time="8.799" classname="CDQM.Test.Reports"/>
  <testcase name="reports" time="10.600" classname="CDQM.Test.Reports"/>
</testsuite> <!-- CDQM.Test.Reports -->
