<?xml version="1.0" encoding="UTF-8"?>
<!-- Generated by org.testng.reporters.JUnitReportReporter -->
<testsuite skipped="0" hostname="DAL-7CON099-9W7" name="CDQM.Test.ReportsPage" tests="1" failures="0" timestamp="21 Nov 2019 10:42:14 GMT" time="10.092" errors="0">
  <testcase name="reportspage" time="10.092" classname="CDQM.Test.ReportsPage"/>
</testsuite> <!-- CDQM.Test.ReportsPage -->
